<?xml version="1.0" encoding="UTF-8" ?>
<testsuite tests="42" failures="0" name="TestSuite" time="5.137" errors="0" skipped="0">
  <properties>
    <property name="java.runtime.name" value="OpenJDK Runtime Environment"/>
    <property name="sun.boot.library.path" value="/usr/lib/jvm/java-8-openjdk-amd64/jre/lib/amd64"/>
    <property name="java.vm.version" value="25.212-b03"/>
    <property name="java.vm.vendor" value="Oracle Corporation"/>
    <property name="maven.multiModuleProjectDirectory" value="/home/jay/openjdktest/test/latency-sample-projects/jboss-logmanager"/>
    <property name="java.vendor.url" value="http://java.oracle.com/"/>
    <property name="path.separator" value=":"/>
    <property name="guice.disable.misplaced.annotation.check" value="true"/>
    <property name="java.vm.name" value="OpenJDK 64-Bit Server VM"/>
    <property name="file.encoding.pkg" value="sun.io"/>
    <property name="user.country" value="US"/>
    <property name="sun.java.launcher" value="SUN_STANDARD"/>
    <property name="sun.os.patch.level" value="unknown"/>
    <property name="java.vm.specification.name" value="Java Virtual Machine Specification"/>
    <property name="user.dir" value="/home/jay/openjdktest/test/latency-sample-projects/jboss-logmanager"/>
    <property name="java.runtime.version" value="1.8.0_212-8u212-b03-0ubuntu1.16.04.1-b03"/>
    <property name="java.awt.graphicsenv" value="sun.awt.X11GraphicsEnvironment"/>
    <property name="java.endorsed.dirs" value="/usr/lib/jvm/java-8-openjdk-amd64/jre/lib/endorsed"/>
    <property name="os.arch" value="amd64"/>
    <property name="java.io.tmpdir" value="/tmp"/>
    <property name="line.separator" value="
"/>
    <property name="java.vm.specification.vendor" value="Oracle Corporation"/>
    <property name="os.name" value="Linux"/>
    <property name="classworlds.conf" value="/usr/share/maven/bin/m2.conf"/>
    <property name="sun.jnu.encoding" value="UTF-8"/>
    <property name="java.library.path" value="/usr/java/packages/lib/amd64:/usr/lib/x86_64-linux-gnu/jni:/lib/x86_64-linux-gnu:/usr/lib/x86_64-linux-gnu:/usr/lib/jni:/lib:/usr/lib"/>
    <property name="java.specification.name" value="Java Platform API Specification"/>
    <property name="java.class.version" value="52.0"/>
    <property name="sun.management.compiler" value="HotSpot 64-Bit Tiered Compilers"/>
    <property name="os.version" value="4.15.0-54-generic"/>
    <property name="user.home" value="/home/jay"/>
    <property name="user.timezone" value="America/Los_Angeles"/>
    <property name="java.awt.printerjob" value="sun.print.PSPrinterJob"/>
    <property name="file.encoding" value="UTF-8"/>
    <property name="java.specification.version" value="1.8"/>
    <property name="user.name" value="jay"/>
    <property name="java.class.path" value="/usr/share/maven/boot/plexus-classworlds-2.x.jar"/>
    <property name="java.vm.specification.version" value="1.8"/>
    <property name="sun.arch.data.model" value="64"/>
    <property name="java.home" value="/usr/lib/jvm/java-8-openjdk-amd64/jre"/>
    <property name="sun.java.command" value="org.codehaus.plexus.classworlds.launcher.Launcher -fn test"/>
    <property name="java.specification.vendor" value="Oracle Corporation"/>
    <property name="user.language" value="en"/>
    <property name="awt.toolkit" value="sun.awt.X11.XToolkit"/>
    <property name="java.vm.info" value="mixed mode"/>
    <property name="java.version" value="1.8.0_212"/>
    <property name="java.ext.dirs" value="/usr/lib/jvm/java-8-openjdk-amd64/jre/lib/ext:/usr/java/packages/lib/ext"/>
    <property name="securerandom.source" value="file:/dev/./urandom"/>
    <property name="sun.boot.class.path" value="/usr/lib/jvm/java-8-openjdk-amd64/jre/lib/resources.jar:/usr/lib/jvm/java-8-openjdk-amd64/jre/lib/rt.jar:/usr/lib/jvm/java-8-openjdk-amd64/jre/lib/sunrsasign.jar:/usr/lib/jvm/java-8-openjdk-amd64/jre/lib/jsse.jar:/usr/lib/jvm/java-8-openjdk-amd64/jre/lib/jce.jar:/usr/lib/jvm/java-8-openjdk-amd64/jre/lib/charsets.jar:/usr/lib/jvm/java-8-openjdk-amd64/jre/lib/jfr.jar:/usr/lib/jvm/java-8-openjdk-amd64/jre/classes"/>
    <property name="java.vendor" value="Oracle Corporation"/>
    <property name="maven.home" value="/usr/share/maven"/>
    <property name="file.separator" value="/"/>
    <property name="java.vendor.url.bug" value="http://bugreport.sun.com/bugreport/"/>
    <property name="sun.cpu.endian" value="little"/>
    <property name="sun.io.unicode.encoding" value="UnicodeLittle"/>
    <property name="sun.desktop" value="gnome"/>
    <property name="sun.cpu.isalist" value=""/>
  </properties>
  <testcase classname="org.jboss.logmanager.FileHandlerPerformanceTests" name="testPerformance" time="4.526"/>
  <testcase classname="org.jboss.logmanager.FilterTests" name="testInvertFilter0" time="0.001"/>
  <testcase classname="org.jboss.logmanager.FilterTests" name="testAllFilter3" time="0.001"/>
  <testcase classname="org.jboss.logmanager.FilterTests" name="testInvertFilter1" time="0"/>
  <testcase classname="org.jboss.logmanager.FilterTests" name="testAllFilter2" time="0"/>
  <testcase classname="org.jboss.logmanager.FilterTests" name="testAllFilter1" time="0.001"/>
  <testcase classname="org.jboss.logmanager.FilterTests" name="testAllFilter0" time="0.001"/>
  <testcase classname="org.jboss.logmanager.FilterTests" name="testSubstituteFilter2" time="0.002"/>
  <testcase classname="org.jboss.logmanager.FilterTests" name="testSubstituteFilter3" time="0.002"/>
  <testcase classname="org.jboss.logmanager.FilterTests" name="testAcceptAllFilter" time="0.001"/>
  <testcase classname="org.jboss.logmanager.FilterTests" name="testSubstituteFilter1" time="0.001"/>
  <testcase classname="org.jboss.logmanager.FilterTests" name="testSubstitueFilter0" time="0"/>
  <testcase classname="org.jboss.logmanager.FilterTests" name="testLevelChangingFilter0" time="0.003"/>
  <testcase classname="org.jboss.logmanager.FilterTests" name="testDenyAllFilter" time="0.001"/>
  <testcase classname="org.jboss.logmanager.FilterTests" name="testAnyFilter0" time="0.001"/>
  <testcase classname="org.jboss.logmanager.FilterTests" name="testAnyFilter1" time="0.001"/>
  <testcase classname="org.jboss.logmanager.FilterTests" name="testAnyFilter2" time="0"/>
  <testcase classname="org.jboss.logmanager.FilterTests" name="testLevelFilter1" time="0.001"/>
  <testcase classname="org.jboss.logmanager.FilterTests" name="testAnyFilter3" time="0.001"/>
  <testcase classname="org.jboss.logmanager.FilterTests" name="testLevelFilter0" time="0"/>
  <testcase classname="org.jboss.logmanager.FilterTests" name="testLevelRangeFilter4" time="0.001"/>
  <testcase classname="org.jboss.logmanager.FilterTests" name="testLevelRangeFilter3" time="0"/>
  <testcase classname="org.jboss.logmanager.FilterTests" name="testRegexFilter0" time="0.002"/>
  <testcase classname="org.jboss.logmanager.FilterTests" name="testRegexFilter1" time="0"/>
  <testcase classname="org.jboss.logmanager.FilterTests" name="testLevelRangeFilter2" time="0"/>
  <testcase classname="org.jboss.logmanager.FilterTests" name="testLevelRangeFilter1" time="0.001"/>
  <testcase classname="org.jboss.logmanager.FilterTests" name="testLevelRangeFilter0" time="0.001"/>
  <testcase classname="org.jboss.logmanager.HandlerTests" name="testWriterHandler" time="0.001"/>
  <testcase classname="org.jboss.logmanager.HandlerTests" name="testNullHandler" time="0.001"/>
  <testcase classname="org.jboss.logmanager.HandlerTests" name="testFileHandler" time="0.001"/>
  <testcase classname="org.jboss.logmanager.HandlerTests" name="testOutputStreamHandler" time="0"/>
  <testcase classname="org.jboss.logmanager.HandlerTests" name="testEnableDisableHandler" time="0"/>
  <testcase classname="org.jboss.logmanager.LoggerTests" name="testHandlerAdd" time="0.001"/>
  <testcase classname="org.jboss.logmanager.LoggerTests" name="testResourceBundle" time="0.003"/>
  <testcase classname="org.jboss.logmanager.LoggerTests" name="testHandlerClear" time="0"/>
  <testcase classname="org.jboss.logmanager.LoggerTests" name="testHandlerAdd2" time="0"/>
  <testcase classname="org.jboss.logmanager.LoggerTests" name="testInstall" time="0.001"/>
  <testcase classname="org.jboss.logmanager.LoggerTests" name="testHandlerRemove2" time="0.001"/>
  <testcase classname="org.jboss.logmanager.LoggerTests" name="testHandlerRun" time="0"/>
  <testcase classname="org.jboss.logmanager.LoggerTests" name="testHandlerRemove" time="0"/>
  <testcase classname="org.jboss.logmanager.ProtectTests" name="testHandlerLock" time="0.002"/>
  <testcase classname="org.jboss.logmanager.ProtectTests" name="testLogContextLock" time="0.001"/>
</testsuite>